# JRE version: Java(TM) SE Runtime Environment (8.0_60-b27) (build 1.8.0_60-b27)
# Java VM: Java HotSpot(TM) 64-Bit Server VM (25.60-b23 mixed mode bsd-amd64 compressed oops)
Heap:
 PSYoungGen      total 1521152K, used 518924K [0x0000000762400000, 0x00000007c0000000, 0x00000007c0000000)
  eden space 1506304K, 34% used [0x0000000762400000,0x0000000781ec31f0,0x00000007be300000)
  from space 14848K, 0% used [0x00000007bf180000,0x00000007bf180000,0x00000007c0000000)
  to   space 14848K, 0% used [0x00000007be300000,0x00000007be300000,0x00000007bf180000)
 ParOldGen       total 175104K, used 88623K [0x00000006a6c00000, 0x00000006b1700000, 0x0000000762400000)
  object space 175104K, 50% used [0x00000006a6c00000,0x00000006ac28bf20,0x00000006b1700000)
 Metaspace       used 20755K, capacity 20976K, committed 21248K, reserved 1069056K
  class space    used 2399K, capacity 2476K, committed 2560K, reserved 1048576K
GC Heap History (10 events):
Event: 184.193 GC heap before
{Heap before GC invocations=11 (full 0):
 PSYoungGen      total 842240K, used 842212K [0x0000000762400000, 0x0000000796700000, 0x00000007c0000000)
  eden space 830976K, 100% used [0x0000000762400000,0x0000000794f80000,0x0000000794f80000)
  from space 11264K, 99% used [0x0000000795b00000,0x00000007965f93f0,0x0000000796600000)
  to   space 11776K, 0% used [0x0000000794f80000,0x0000000794f80000,0x0000000795b00000)
 ParOldGen       total 175104K, used 28488K [0x00000006a6c00000, 0x00000006b1700000, 0x0000000762400000)
  object space 175104K, 16% used [0x00000006a6c00000,0x00000006a87d20d0,0x00000006b1700000)
 Metaspace       used 18582K, capacity 18850K, committed 18944K, reserved 1067008K
  class space    used 2197K, capacity 2283K, committed 2304K, reserved 1048576K
Event: 184.240 GC heap after
Heap after GC invocations=11 (full 0):
 PSYoungGen      total 842752K, used 11631K [0x0000000762400000, 0x00000007b4f80000, 0x00000007c0000000)
  eden space 830976K, 0% used [0x0000000762400000,0x0000000762400000,0x0000000794f80000)
  from space 11776K, 98% used [0x0000000794f80000,0x0000000795adbc18,0x0000000795b00000)
  to   space 12800K, 0% used [0x00000007b4300000,0x00000007b4300000,0x00000007b4f80000)
 ParOldGen       total 175104K, used 40859K [0x00000006a6c00000, 0x00000006b1700000, 0x0000000762400000)
  object space 175104K, 23% used [0x00000006a6c00000,0x00000006a93e6d58,0x00000006b1700000)
 Metaspace       used 18582K, capacity 18850K, committed 18944K, reserved 1067008K
  class space    used 2197K, capacity 2283K, committed 2304K, reserved 1048576K
}
Event: 186.401 GC heap before
{Heap before GC invocations=12 (full 0):
 PSYoungGen      total 842752K, used 842607K [0x0000000762400000, 0x00000007b4f80000, 0x00000007c0000000)
  eden space 830976K, 100% used [0x0000000762400000,0x0000000794f80000,0x0000000794f80000)
  from space 11776K, 98% used [0x0000000794f80000,0x0000000795adbc18,0x0000000795b00000)
  to   space 12800K, 0% used [0x00000007b4300000,0x00000007b4300000,0x00000007b4f80000)
 ParOldGen       total 175104K, used 40859K [0x00000006a6c00000, 0x00000006b1700000, 0x0000000762400000)
  object space 175104K, 23% used [0x00000006a6c00000,0x00000006a93e6d58,0x00000006b1700000)
 Metaspace       used 18606K, capacity 18850K, committed 18944K, reserved 1067008K
  class space    used 2197K, capacity 2283K, committed 2304K, reserved 1048576K
Event: 186.435 GC heap after
Heap after GC invocations=12 (full 0):
 PSYoungGen      total 1341440K, used 12483K [0x0000000762400000, 0x00000007b5180000, 0x00000007c0000000)
  eden space 1328640K, 0% used [0x0000000762400000,0x0000000762400000,0x00000007b3580000)
  from space 12800K, 97% used [0x00000007b4300000,0x00000007b4f30c38,0x00000007b4f80000)
  to   space 13824K, 0% used [0x00000007b3580000,0x00000007b3580000,0x00000007b4300000)
 ParOldGen       total 175104K, used 59621K [0x00000006a6c00000, 0x00000006b1700000, 0x0000000762400000)
  object space 175104K, 34% used [0x00000006a6c00000,0x00000006aa639438,0x00000006b1700000)
 Metaspace       used 18606K, capacity 18850K, committed 18944K, reserved 1067008K
  class space    used 2197K, capacity 2283K, committed 2304K, reserved 1048576K
}
Event: 190.264 GC heap before
{Heap before GC invocations=13 (full 0):
 PSYoungGen      total 1341440K, used 1341123K [0x0000000762400000, 0x00000007b5180000, 0x00000007c0000000)
  eden space 1328640K, 100% used [0x0000000762400000,0x00000007b3580000,0x00000007b3580000)
  from space 12800K, 97% used [0x00000007b4300000,0x00000007b4f30c38,0x00000007b4f80000)
  to   space 13824K, 0% used [0x00000007b3580000,0x00000007b3580000,0x00000007b4300000)
 ParOldGen       total 175104K, used 59621K [0x00000006a6c00000, 0x00000006b1700000, 0x0000000762400000)
  object space 175104K, 34% used [0x00000006a6c00000,0x00000006aa639438,0x00000006b1700000)
 Metaspace       used 18627K, capacity 18850K, committed 18944K, reserved 1067008K
  class space    used 2197K, capacity 2283K, committed 2304K, reserved 1048576K
Event: 190.286 GC heap after
Heap after GC invocations=13 (full 0):
 PSYoungGen      total 1342464K, used 13793K [0x0000000762400000, 0x00000007c0000000, 0x00000007c0000000)
  eden space 1328640K, 0% used [0x0000000762400000,0x0000000762400000,0x00000007b3580000)
  from space 13824K, 99% used [0x00000007b3580000,0x00000007b42f84b0,0x00000007b4300000)
  to   space 14848K, 0% used [0x00000007bf180000,0x00000007bf180000,0x00000007c0000000)
 ParOldGen       total 175104K, used 77104K [0x00000006a6c00000, 0x00000006b1700000, 0x0000000762400000)
  object space 175104K, 44% used [0x00000006a6c00000,0x00000006ab74c2a0,0x00000006b1700000)
 Metaspace       used 18627K, capacity 18850K, committed 18944K, reserved 1067008K
  class space    used 2197K, capacity 2283K, committed 2304K, reserved 1048576K
}
Event: 315.410 GC heap before
{Heap before GC invocations=14 (full 0):
 PSYoungGen      total 1342464K, used 898341K [0x0000000762400000, 0x00000007c0000000, 0x00000007c0000000)
  eden space 1328640K, 66% used [0x0000000762400000,0x00000007983d11f0,0x00000007b3580000)
  from space 13824K, 99% used [0x00000007b3580000,0x00000007b42f84b0,0x00000007b4300000)
  to   space 14848K, 0% used [0x00000007bf180000,0x00000007bf180000,0x00000007c0000000)
 ParOldGen       total 175104K, used 77104K [0x00000006a6c00000, 0x00000006b1700000, 0x0000000762400000)
  object space 175104K, 44% used [0x00000006a6c00000,0x00000006ab74c2a0,0x00000006b1700000)
 Metaspace       used 20575K, capacity 20784K, committed 20992K, reserved 1067008K
  class space    used 2398K, capacity 2476K, committed 2560K, reserved 1048576K
Event: 315.451 GC heap after
Heap after GC invocations=14 (full 0):
 PSYoungGen      total 1521152K, used 11976K [0x0000000762400000, 0x00000007c0000000, 0x00000007c0000000)
  eden space 1506304K, 0% used [0x0000000762400000,0x0000000762400000,0x00000007be300000)
  from space 14848K, 80% used [0x00000007bf180000,0x00000007bfd32130,0x00000007c0000000)
  to   space 14848K, 0% used [0x00000007be300000,0x00000007be300000,0x00000007bf180000)
 ParOldGen       total 175104K, used 87771K [0x00000006a6c00000, 0x00000006b1700000, 0x0000000762400000)
  object space 175104K, 50% used [0x00000006a6c00000,0x00000006ac1b6e88,0x00000006b1700000)
 Metaspace       used 20575K, capacity 20784K, committed 20992K, reserved 1067008K
  class space    used 2398K, capacity 2476K, committed 2560K, reserved 1048576K
}
Event: 315.451 GC heap before
{Heap before GC invocations=15 (full 1):
 PSYoungGen      total 1521152K, used 11976K [0x0000000762400000, 0x00000007c0000000, 0x00000007c0000000)
  eden space 1506304K, 0% used [0x0000000762400000,0x0000000762400000,0x00000007be300000)
  from space 14848K, 80% used [0x00000007bf180000,0x00000007bfd32130,0x00000007c0000000)
  to   space 14848K, 0% used [0x00000007be300000,0x00000007be300000,0x00000007bf180000)
 ParOldGen       total 175104K, used 87771K [0x00000006a6c00000, 0x00000006b1700000, 0x0000000762400000)
  object space 175104K, 50% used [0x00000006a6c00000,0x00000006ac1b6e88,0x00000006b1700000)
 Metaspace       used 20575K, capacity 20784K, committed 20992K, reserved 1067008K
  class space    used 2398K, capacity 2476K, committed 2560K, reserved 1048576K
Event: 315.563 GC heap after
Heap after GC invocations=15 (full 1):
 PSYoungGen      total 1521152K, used 0K [0x0000000762400000, 0x00000007c0000000, 0x00000007c0000000)
  eden space 1506304K, 0% used [0x0000000762400000,0x0000000762400000,0x00000007be300000)
  from space 14848K, 0% used [0x00000007bf180000,0x00000007bf180000,0x00000007c0000000)
  to   space 14848K, 0% used [0x00000007be300000,0x00000007be300000,0x00000007bf180000)
 ParOldGen       total 175104K, used 88623K [0x00000006a6c00000, 0x00000006b1700000, 0x0000000762400000)
  object space 175104K, 50% used [0x00000006a6c00000,0x00000006ac28bf20,0x00000006b1700000)
 Metaspace       used 20575K, capacity 20784K, committed 20992K, reserved 1067008K
  class space    used 2398K, capacity 2476K, committed 2560K, reserved 1048576K
}

