# JRE version: Java(TM) SE Runtime Environment (8.0_60-b27) (build 1.8.0_60-b27)
# Java VM: Java HotSpot(TM) 64-Bit Server VM (25.60-b23 mixed mode bsd-amd64 compressed oops)
Heap:
 PSYoungGen      total 595456K, used 517286K [0x0000000762400000, 0x000000079ab80000, 0x00000007c0000000)
  eden space 456704K, 82% used [0x0000000762400000,0x00000007795aeb70,0x000000077e200000)
  from space 138752K, 99% used [0x000000077e200000,0x000000078697ada0,0x0000000786980000)
  to   space 182784K, 0% used [0x000000078f900000,0x000000078f900000,0x000000079ab80000)
 ParOldGen       total 345088K, used 245062K [0x00000006a6c00000, 0x00000006bbd00000, 0x0000000762400000)
  object space 345088K, 71% used [0x00000006a6c00000,0x00000006b5b519c8,0x00000006bbd00000)
 Metaspace       used 20746K, capacity 21027K, committed 21376K, reserved 1069056K
  class space    used 2282K, capacity 2368K, committed 2432K, reserved 1048576K
GC Heap History (10 events):
Event: 23.752 GC heap before
{Heap before GC invocations=6 (full 0):
 PSYoungGen      total 141824K, used 141807K [0x0000000762400000, 0x0000000778f00000, 0x00000007c0000000)
  eden space 131072K, 100% used [0x0000000762400000,0x000000076a400000,0x000000076a400000)
  from space 10752K, 99% used [0x000000076a400000,0x000000076ae7bdc8,0x000000076ae80000)
  to   space 54784K, 0% used [0x0000000775980000,0x0000000775980000,0x0000000778f00000)
 ParOldGen       total 175104K, used 99791K [0x00000006a6c00000, 0x00000006b1700000, 0x0000000762400000)
  object space 175104K, 56% used [0x00000006a6c00000,0x00000006acd73e88,0x00000006b1700000)
 Metaspace       used 19316K, capacity 19543K, committed 19712K, reserved 1067008K
  class space    used 2180K, capacity 2262K, committed 2304K, reserved 1048576K
Event: 23.792 GC heap after
Heap after GC invocations=6 (full 0):
 PSYoungGen      total 309760K, used 50447K [0x0000000762400000, 0x0000000779d00000, 0x00000007c0000000)
  eden space 254976K, 0% used [0x0000000762400000,0x0000000762400000,0x0000000771d00000)
  from space 54784K, 92% used [0x0000000775980000,0x0000000778ac3dc8,0x0000000778f00000)
  to   space 61952K, 0% used [0x0000000771d00000,0x0000000771d00000,0x0000000775980000)
 ParOldGen       total 175104K, used 99799K [0x00000006a6c00000, 0x00000006b1700000, 0x0000000762400000)
  object space 175104K, 56% used [0x00000006a6c00000,0x00000006acd75e88,0x00000006b1700000)
 Metaspace       used 19316K, capacity 19543K, committed 19712K, reserved 1067008K
  class space    used 2180K, capacity 2262K, committed 2304K, reserved 1048576K
}
Event: 29.219 GC heap before
{Heap before GC invocations=7 (full 0):
 PSYoungGen      total 309760K, used 305423K [0x0000000762400000, 0x0000000779d00000, 0x00000007c0000000)
  eden space 254976K, 100% used [0x0000000762400000,0x0000000771d00000,0x0000000771d00000)
  from space 54784K, 92% used [0x0000000775980000,0x0000000778ac3dc8,0x0000000778f00000)
  to   space 61952K, 0% used [0x0000000771d00000,0x0000000771d00000,0x0000000775980000)
 ParOldGen       total 175104K, used 99799K [0x00000006a6c00000, 0x00000006b1700000, 0x0000000762400000)
  object space 175104K, 56% used [0x00000006a6c00000,0x00000006acd75e88,0x00000006b1700000)
 Metaspace       used 19451K, capacity 19735K, committed 19968K, reserved 1067008K
  class space    used 2180K, capacity 2262K, committed 2304K, reserved 1048576K
Event: 29.321 GC heap after
Heap after GC invocations=7 (full 0):
 PSYoungGen      total 316928K, used 61951K [0x0000000762400000, 0x000000078f100000, 0x00000007c0000000)
  eden space 254976K, 0% used [0x0000000762400000,0x0000000762400000,0x0000000771d00000)
  from space 61952K, 99% used [0x0000000771d00000,0x000000077597fc20,0x0000000775980000)
  to   space 112128K, 0% used [0x0000000788380000,0x0000000788380000,0x000000078f100000)
 ParOldGen       total 180224K, used 179732K [0x00000006a6c00000, 0x00000006b1c00000, 0x0000000762400000)
  object space 180224K, 99% used [0x00000006a6c00000,0x00000006b1b853b8,0x00000006b1c00000)
 Metaspace       used 19451K, capacity 19735K, committed 19968K, reserved 1067008K
  class space    used 2180K, capacity 2262K, committed 2304K, reserved 1048576K
}
Event: 29.321 GC heap before
{Heap before GC invocations=8 (full 1):
 PSYoungGen      total 316928K, used 61951K [0x0000000762400000, 0x000000078f100000, 0x00000007c0000000)
  eden space 254976K, 0% used [0x0000000762400000,0x0000000762400000,0x0000000771d00000)
  from space 61952K, 99% used [0x0000000771d00000,0x000000077597fc20,0x0000000775980000)
  to   space 112128K, 0% used [0x0000000788380000,0x0000000788380000,0x000000078f100000)
 ParOldGen       total 180224K, used 179732K [0x00000006a6c00000, 0x00000006b1c00000, 0x0000000762400000)
  object space 180224K, 99% used [0x00000006a6c00000,0x00000006b1b853b8,0x00000006b1c00000)
 Metaspace       used 19451K, capacity 19735K, committed 19968K, reserved 1067008K
  class space    used 2180K, capacity 2262K, committed 2304K, reserved 1048576K
Event: 29.707 GC heap after
Heap after GC invocations=8 (full 1):
 PSYoungGen      total 316928K, used 51733K [0x0000000762400000, 0x000000078f100000, 0x00000007c0000000)
  eden space 254976K, 0% used [0x0000000762400000,0x0000000762400000,0x0000000771d00000)
  from space 61952K, 83% used [0x0000000771d00000,0x0000000774f85498,0x0000000775980000)
  to   space 112128K, 0% used [0x0000000788380000,0x0000000788380000,0x000000078f100000)
 ParOldGen       total 345088K, used 179957K [0x00000006a6c00000, 0x00000006bbd00000, 0x0000000762400000)
  object space 345088K, 52% used [0x00000006a6c00000,0x00000006b1bbd5b8,0x00000006bbd00000)
 Metaspace       used 19451K, capacity 19735K, committed 19968K, reserved 1067008K
  class space    used 2180K, capacity 2262K, committed 2304K, reserved 1048576K
}
Event: 35.246 GC heap before
{Heap before GC invocations=9 (full 1):
 PSYoungGen      total 316928K, used 306709K [0x0000000762400000, 0x000000078f100000, 0x00000007c0000000)
  eden space 254976K, 100% used [0x0000000762400000,0x0000000771d00000,0x0000000771d00000)
  from space 61952K, 83% used [0x0000000771d00000,0x0000000774f85498,0x0000000775980000)
  to   space 112128K, 0% used [0x0000000788380000,0x0000000788380000,0x000000078f100000)
 ParOldGen       total 345088K, used 179957K [0x00000006a6c00000, 0x00000006bbd00000, 0x0000000762400000)
  object space 345088K, 52% used [0x00000006a6c00000,0x00000006b1bbd5b8,0x00000006bbd00000)
 Metaspace       used 19582K, capacity 19869K, committed 20224K, reserved 1067008K
  class space    used 2181K, capacity 2263K, committed 2304K, reserved 1048576K
Event: 35.434 GC heap after
Heap after GC invocations=9 (full 1):
 PSYoungGen      total 528384K, used 112112K [0x0000000762400000, 0x000000078f100000, 0x00000007c0000000)
  eden space 416256K, 0% used [0x0000000762400000,0x0000000762400000,0x000000077ba80000)
  from space 112128K, 99% used [0x0000000788380000,0x000000078f0fc390,0x000000078f100000)
  to   space 138752K, 0% used [0x000000077e200000,0x000000077e200000,0x0000000786980000)
 ParOldGen       total 345088K, used 194177K [0x00000006a6c00000, 0x00000006bbd00000, 0x0000000762400000)
  object space 345088K, 56% used [0x00000006a6c00000,0x00000006b29a0528,0x00000006bbd00000)
 Metaspace       used 19582K, capacity 19869K, committed 20224K, reserved 1067008K
  class space    used 2181K, capacity 2263K, committed 2304K, reserved 1048576K
}
Event: 84.960 GC heap before
{Heap before GC invocations=10 (full 1):
 PSYoungGen      total 528384K, used 528142K [0x0000000762400000, 0x000000078f100000, 0x00000007c0000000)
  eden space 416256K, 99% used [0x0000000762400000,0x000000077ba47598,0x000000077ba80000)
  from space 112128K, 99% used [0x0000000788380000,0x000000078f0fc390,0x000000078f100000)
  to   space 138752K, 0% used [0x000000077e200000,0x000000077e200000,0x0000000786980000)
 ParOldGen       total 345088K, used 194689K [0x00000006a6c00000, 0x00000006bbd00000, 0x0000000762400000)
  object space 345088K, 56% used [0x00000006a6c00000,0x00000006b2a20538,0x00000006bbd00000)
 Metaspace       used 20471K, capacity 20771K, committed 21120K, reserved 1069056K
  class space    used 2269K, capacity 2368K, committed 2432K, reserved 1048576K
Event: 85.105 GC heap after
Heap after GC invocations=10 (full 1):
 PSYoungGen      total 595456K, used 138731K [0x0000000762400000, 0x000000079ab80000, 0x00000007c0000000)
  eden space 456704K, 0% used [0x0000000762400000,0x0000000762400000,0x000000077e200000)
  from space 138752K, 99% used [0x000000077e200000,0x000000078697ada0,0x0000000786980000)
  to   space 182784K, 0% used [0x000000078f900000,0x000000078f900000,0x000000079ab80000)
 ParOldGen       total 345088K, used 245062K [0x00000006a6c00000, 0x00000006bbd00000, 0x0000000762400000)
  object space 345088K, 71% used [0x00000006a6c00000,0x00000006b5b519c8,0x00000006bbd00000)
 Metaspace       used 20471K, capacity 20771K, committed 21120K, reserved 1069056K
  class space    used 2269K, capacity 2368K, committed 2432K, reserved 1048576K
}

