# JRE version: Java(TM) SE Runtime Environment (8.0_60-b27) (build 1.8.0_60-b27)
# Java VM: Java HotSpot(TM) 64-Bit Server VM (25.60-b23 mixed mode bsd-amd64 compressed oops)
Heap:
 PSYoungGen      total 1257472K, used 207132K [0x0000000762400000, 0x00000007bfb80000, 0x00000007c0000000)
  eden space 1212416K, 15% used [0x0000000762400000,0x000000076d9d7420,0x00000007ac400000)
  from space 45056K, 46% used [0x00000007ac400000,0x00000007ad86fdd8,0x00000007af000000)
  to   space 43520K, 0% used [0x00000007bd100000,0x00000007bd100000,0x00000007bfb80000)
 ParOldGen       total 170496K, used 130739K [0x00000006a6c00000, 0x00000006b1280000, 0x0000000762400000)
  object space 170496K, 76% used [0x00000006a6c00000,0x00000006aebacf00,0x00000006b1280000)
 Metaspace       used 23326K, capacity 23662K, committed 24064K, reserved 1071104K
  class space    used 2636K, capacity 2724K, committed 2816K, reserved 1048576K
GC Heap History (10 events):
Event: 58.980 GC heap before
{Heap before GC invocations=10 (full 1):
 PSYoungGen      total 551424K, used 34342K [0x0000000762400000, 0x0000000799800000, 0x00000007c0000000)
  eden space 501760K, 0% used [0x0000000762400000,0x0000000762400000,0x0000000780e00000)
  from space 49664K, 69% used [0x0000000780e00000,0x0000000782f899f0,0x0000000783e80000)
  to   space 51200K, 0% used [0x0000000796600000,0x0000000796600000,0x0000000799800000)
 ParOldGen       total 175104K, used 60021K [0x00000006a6c00000, 0x00000006b1700000, 0x0000000762400000)
  object space 175104K, 34% used [0x00000006a6c00000,0x00000006aa69d668,0x00000006b1700000)
 Metaspace       used 20821K, capacity 21087K, committed 21248K, reserved 1069056K
  class space    used 2421K, capacity 2495K, committed 2560K, reserved 1048576K
Event: 59.056 GC heap after
Heap after GC invocations=10 (full 1):
 PSYoungGen      total 551424K, used 0K [0x0000000762400000, 0x0000000799800000, 0x00000007c0000000)
  eden space 501760K, 0% used [0x0000000762400000,0x0000000762400000,0x0000000780e00000)
  from space 49664K, 0% used [0x0000000780e00000,0x0000000780e00000,0x0000000783e80000)
  to   space 51200K, 0% used [0x0000000796600000,0x0000000796600000,0x0000000799800000)
 ParOldGen       total 170496K, used 85158K [0x00000006a6c00000, 0x00000006b1280000, 0x0000000762400000)
  object space 170496K, 49% used [0x00000006a6c00000,0x00000006abf29990,0x00000006b1280000)
 Metaspace       used 20821K, capacity 21087K, committed 21248K, reserved 1069056K
  class space    used 2421K, capacity 2495K, committed 2560K, reserved 1048576K
}
Event: 66.115 GC heap before
{Heap before GC invocations=11 (full 1):
 PSYoungGen      total 551424K, used 501760K [0x0000000762400000, 0x0000000799800000, 0x00000007c0000000)
  eden space 501760K, 100% used [0x0000000762400000,0x0000000780e00000,0x0000000780e00000)
  from space 49664K, 0% used [0x0000000780e00000,0x0000000780e00000,0x0000000783e80000)
  to   space 51200K, 0% used [0x0000000796600000,0x0000000796600000,0x0000000799800000)
 ParOldGen       total 170496K, used 85158K [0x00000006a6c00000, 0x00000006b1280000, 0x0000000762400000)
  object space 170496K, 49% used [0x00000006a6c00000,0x00000006abf29990,0x00000006b1280000)
 Metaspace       used 22596K, capacity 22912K, committed 23012K, reserved 1069056K
  class space    used 2599K, capacity 2687K, committed 2688K, reserved 1048576K
Event: 66.150 GC heap after
Heap after GC invocations=11 (full 1):
 PSYoungGen      total 804864K, used 22416K [0x0000000762400000, 0x0000000797e00000, 0x00000007c0000000)
  eden space 780288K, 0% used [0x0000000762400000,0x0000000762400000,0x0000000791e00000)
  from space 24576K, 91% used [0x0000000796600000,0x0000000797be4340,0x0000000797e00000)
  to   space 49152K, 0% used [0x0000000791e00000,0x0000000791e00000,0x0000000794e00000)
 ParOldGen       total 170496K, used 85166K [0x00000006a6c00000, 0x00000006b1280000, 0x0000000762400000)
  object space 170496K, 49% used [0x00000006a6c00000,0x00000006abf2b990,0x00000006b1280000)
 Metaspace       used 22596K, capacity 22912K, committed 23012K, reserved 1069056K
  class space    used 2599K, capacity 2687K, committed 2688K, reserved 1048576K
}
Event: 67.634 GC heap before
{Heap before GC invocations=12 (full 1):
 PSYoungGen      total 804864K, used 802704K [0x0000000762400000, 0x0000000797e00000, 0x00000007c0000000)
  eden space 780288K, 100% used [0x0000000762400000,0x0000000791e00000,0x0000000791e00000)
  from space 24576K, 91% used [0x0000000796600000,0x0000000797be4340,0x0000000797e00000)
  to   space 49152K, 0% used [0x0000000791e00000,0x0000000791e00000,0x0000000794e00000)
 ParOldGen       total 170496K, used 85166K [0x00000006a6c00000, 0x00000006b1280000, 0x0000000762400000)
  object space 170496K, 49% used [0x00000006a6c00000,0x00000006abf2b990,0x00000006b1280000)
 Metaspace       used 22768K, capacity 23040K, committed 23168K, reserved 1069056K
  class space    used 2599K, capacity 2687K, committed 2688K, reserved 1048576K
Event: 67.651 GC heap after
Heap after GC invocations=12 (full 1):
 PSYoungGen      total 829440K, used 25239K [0x0000000762400000, 0x00000007b1d80000, 0x00000007c0000000)
  eden space 780288K, 0% used [0x0000000762400000,0x0000000762400000,0x0000000791e00000)
  from space 49152K, 51% used [0x0000000791e00000,0x00000007936a5e00,0x0000000794e00000)
  to   space 46592K, 0% used [0x00000007af000000,0x00000007af000000,0x00000007b1d80000)
 ParOldGen       total 170496K, used 104747K [0x00000006a6c00000, 0x00000006b1280000, 0x0000000762400000)
  object space 170496K, 61% used [0x00000006a6c00000,0x00000006ad24af50,0x00000006b1280000)
 Metaspace       used 22768K, capacity 23040K, committed 23168K, reserved 1069056K
  class space    used 2599K, capacity 2687K, committed 2688K, reserved 1048576K
}
Event: 69.548 GC heap before
{Heap before GC invocations=13 (full 1):
 PSYoungGen      total 829440K, used 805527K [0x0000000762400000, 0x00000007b1d80000, 0x00000007c0000000)
  eden space 780288K, 100% used [0x0000000762400000,0x0000000791e00000,0x0000000791e00000)
  from space 49152K, 51% used [0x0000000791e00000,0x00000007936a5e00,0x0000000794e00000)
  to   space 46592K, 0% used [0x00000007af000000,0x00000007af000000,0x00000007b1d80000)
 ParOldGen       total 170496K, used 104747K [0x00000006a6c00000, 0x00000006b1280000, 0x0000000762400000)
  object space 170496K, 61% used [0x00000006a6c00000,0x00000006ad24af50,0x00000006b1280000)
 Metaspace       used 22902K, capacity 23232K, committed 23424K, reserved 1071104K
  class space    used 2603K, capacity 2687K, committed 2688K, reserved 1048576K
Event: 69.623 GC heap after
Heap after GC invocations=13 (full 1):
 PSYoungGen      total 1259008K, used 25597K [0x0000000762400000, 0x00000007b2480000, 0x00000007c0000000)
  eden space 1212416K, 0% used [0x0000000762400000,0x0000000762400000,0x00000007ac400000)
  from space 46592K, 54% used [0x00000007af000000,0x00000007b08ff700,0x00000007b1d80000)
  to   space 45056K, 0% used [0x00000007ac400000,0x00000007ac400000,0x00000007af000000)
 ParOldGen       total 170496K, used 125120K [0x00000006a6c00000, 0x00000006b1280000, 0x0000000762400000)
  object space 170496K, 73% used [0x00000006a6c00000,0x00000006ae6303b0,0x00000006b1280000)
 Metaspace       used 22902K, capacity 23232K, committed 23424K, reserved 1071104K
  class space    used 2603K, capacity 2687K, committed 2688K, reserved 1048576K
}
Event: 93.159 GC heap before
{Heap before GC invocations=14 (full 1):
 PSYoungGen      total 1259008K, used 1238013K [0x0000000762400000, 0x00000007b2480000, 0x00000007c0000000)
  eden space 1212416K, 100% used [0x0000000762400000,0x00000007ac400000,0x00000007ac400000)
  from space 46592K, 54% used [0x00000007af000000,0x00000007b08ff700,0x00000007b1d80000)
  to   space 45056K, 0% used [0x00000007ac400000,0x00000007ac400000,0x00000007af000000)
 ParOldGen       total 170496K, used 125120K [0x00000006a6c00000, 0x00000006b1280000, 0x0000000762400000)
  object space 170496K, 73% used [0x00000006a6c00000,0x00000006ae6303b0,0x00000006b1280000)
 Metaspace       used 23321K, capacity 23662K, committed 24064K, reserved 1071104K
  class space    used 2636K, capacity 2724K, committed 2816K, reserved 1048576K
Event: 93.196 GC heap after
Heap after GC invocations=14 (full 1):
 PSYoungGen      total 1257472K, used 20927K [0x0000000762400000, 0x00000007bfb80000, 0x00000007c0000000)
  eden space 1212416K, 0% used [0x0000000762400000,0x0000000762400000,0x00000007ac400000)
  from space 45056K, 46% used [0x00000007ac400000,0x00000007ad86fdd8,0x00000007af000000)
  to   space 43520K, 0% used [0x00000007bd100000,0x00000007bd100000,0x00000007bfb80000)
 ParOldGen       total 170496K, used 130739K [0x00000006a6c00000, 0x00000006b1280000, 0x0000000762400000)
  object space 170496K, 76% used [0x00000006a6c00000,0x00000006aebacf00,0x00000006b1280000)
 Metaspace       used 23321K, capacity 23662K, committed 24064K, reserved 1071104K
  class space    used 2636K, capacity 2724K, committed 2816K, reserved 1048576K
}

